0 info it worked if it ends with ok
1 verbose cli [ 'C:\\Program Files\\nodejs\\node.exe',
1 verbose cli   'C:\\Program Files\\nodejs\\node_modules\\npm\\bin\\npm-cli.js',
1 verbose cli   'run',
1 verbose cli   'dist:win' ]
2 info using npm@4.0.5
3 info using node@v7.4.0
4 verbose run-script [ 'predist:win', 'dist:win', 'postdist:win' ]
5 info lifecycle imaginary-teleprompter-electron@2.1.0~predist:win: imaginary-teleprompter-electron@2.1.0
6 silly lifecycle imaginary-teleprompter-electron@2.1.0~predist:win: no script for predist:win, continuing
7 info lifecycle imaginary-teleprompter-electron@2.1.0~dist:win: imaginary-teleprompter-electron@2.1.0
8 verbose lifecycle imaginary-teleprompter-electron@2.1.0~dist:win: unsafe-perm in lifecycle true
9 verbose lifecycle imaginary-teleprompter-electron@2.1.0~dist:win: PATH: C:\Program Files\nodejs\node_modules\npm\bin\node-gyp-bin;C:\Users\User\Documents\GitHub\Teleprompter-Electron\node_modules\.bin;C:\Users\User\AppData\Local\GitHub\PortableGit_d7effa1a4a322478cd29c826b52a0c118ad3db11\cmd;C:\Users\User\AppData\Local\GitHub\PortableGit_d7effa1a4a322478cd29c826b52a0c118ad3db11\usr\bin;C:\Users\User\AppData\Local\GitHub\PortableGit_d7effa1a4a322478cd29c826b52a0c118ad3db11\usr\share\git-tfs;C:\Users\User\AppData\Local\Apps\2.0\0YM4HCA3.VAO\KOC2RYR3.4MN\gith..tion_317444273a93ac29_0003.0003_665ccbdbd3c2d8d4;C:\Users\User\AppData\Local\GitHub\lfs-amd64_1.3.1;C:\ProgramData\Oracle\Java\javapath;C:\Windows\system32;C:\Windows;C:\Windows\System32\Wbem;C:\Windows\System32\WindowsPowerShell\v1.0\;C:\Program Files (x86)\NVIDIA Corporation\PhysX\Common;C:\Program Files (x86)\IVI Foundation\VISA\WinNT\Bin;C:\Program Files (x86)\QuickTime\QTSystem\;C:\Program Files\nodejs\;C:\Users\User\AppData\Local\atom\bin;C:\Users\User\AppData\Roaming\npm;C:\Windows\Microsoft.NET\Framework\v4.0.30319\
10 verbose lifecycle imaginary-teleprompter-electron@2.1.0~dist:win: CWD: C:\Users\User\Documents\GitHub\Teleprompter-Electron
11 silly lifecycle imaginary-teleprompter-electron@2.1.0~dist:win: Args: [ '/d /s /c', 'npm run dist:win64 && npm run dist:win32' ]
12 silly lifecycle imaginary-teleprompter-electron@2.1.0~dist:win: Returned: code: 1  signal: null
13 info lifecycle imaginary-teleprompter-electron@2.1.0~dist:win: Failed to exec dist:win script
14 verbose stack Error: imaginary-teleprompter-electron@2.1.0 dist:win: `npm run dist:win64 && npm run dist:win32`
14 verbose stack Exit status 1
14 verbose stack     at EventEmitter.<anonymous> (C:\Program Files\nodejs\node_modules\npm\lib\utils\lifecycle.js:279:16)
14 verbose stack     at emitTwo (events.js:106:13)
14 verbose stack     at EventEmitter.emit (events.js:191:7)
14 verbose stack     at ChildProcess.<anonymous> (C:\Program Files\nodejs\node_modules\npm\lib\utils\spawn.js:40:14)
14 verbose stack     at emitTwo (events.js:106:13)
14 verbose stack     at ChildProcess.emit (events.js:191:7)
14 verbose stack     at maybeClose (internal/child_process.js:885:16)
14 verbose stack     at Process.ChildProcess._handle.onexit (internal/child_process.js:226:5)
15 verbose pkgid imaginary-teleprompter-electron@2.1.0
16 verbose cwd C:\Users\User\Documents\GitHub\Teleprompter-Electron
17 error Windows_NT 6.3.9600
18 error argv "C:\\Program Files\\nodejs\\node.exe" "C:\\Program Files\\nodejs\\node_modules\\npm\\bin\\npm-cli.js" "run" "dist:win"
19 error node v7.4.0
20 error npm  v4.0.5
21 error code ELIFECYCLE
22 error imaginary-teleprompter-electron@2.1.0 dist:win: `npm run dist:win64 && npm run dist:win32`
22 error Exit status 1
23 error Failed at the imaginary-teleprompter-electron@2.1.0 dist:win script 'npm run dist:win64 && npm run dist:win32'.
23 error Make sure you have the latest version of node.js and npm installed.
23 error If you do, this is most likely a problem with the imaginary-teleprompter-electron package,
23 error not with npm itself.
23 error Tell the author that this fails on your system:
23 error     npm run dist:win64 && npm run dist:win32
23 error You can get information on how to open an issue for this project with:
23 error     npm bugs imaginary-teleprompter-electron
23 error Or if that isn't available, you can get their info via:
23 error     npm owner ls imaginary-teleprompter-electron
23 error There is likely additional logging output above.
24 verbose exit [ 1, true ]
